Base path: /Applications/Unity/Hub/Editor/2018.1.1f1/Unity.app/Contents
Cmd: initializeCompiler
Cmd: compileComputeKernel
  api=14 insize=812 outsize=1341 ok=1
Cmd: translateComputeKernel
  api=14 insize=1341 outsize=1501 ok=1
Cmd: compileComputeKernel
  api=14 insize=5188 outsize=5485 ok=1
Cmd: compileComputeKernel
  api=14 insize=9421 outsize=9477 ok=1
Cmd: compileComputeKernel
  api=14 insize=2953 outsize=1997 ok=1
Cmd: translateComputeKernel
  api=14 insize=1997 outsize=3137 ok=1
Cmd: compileComputeKernel
  api=14 insize=1505 outsize=1177 ok=1
Cmd: translateComputeKernel
  api=14 insize=1445 outsize=2217 ok=1
Cmd: compileComputeKernel
  api=4 insize=15322 outsize=6793 ok=1
Cmd: compileComputeKernel
  api=4 insize=15322 outsize=7373 ok=1
Cmd: compileComputeKernel
  api=4 insize=15322 outsize=7309 ok=1
Cmd: compileComputeKernel
  api=4 insize=15322 outsize=9733 ok=1
Cmd: compileComputeKernel
  api=4 insize=15322 outsize=7741 ok=1
Cmd: compileComputeKernel
  api=4 insize=15322 outsize=8933 ok=1
Cmd: compileComputeKernel
  api=4 insize=15322 outsize=9237 ok=1
Cmd: compileComputeKernel
  api=14 insize=15322 outsize=5369 ok=1
Cmd: compileComputeKernel
  api=14 insize=15322 outsize=6065 ok=1
Cmd: compileComputeKernel
  api=14 insize=15322 outsize=7457 ok=1
Cmd: compileComputeKernel
  api=14 insize=15322 outsize=8133 ok=1
Cmd: compileComputeKernel
  api=14 insize=15322 outsize=7973 ok=1
Cmd: compileComputeKernel
  api=14 insize=15322 outsize=10397 ok=1
Cmd: compileComputeKernel
  api=14 insize=15322 outsize=8501 ok=1
Cmd: compileComputeKernel
  api=14 insize=15322 outsize=10225 ok=1
Cmd: compileComputeKernel
  api=14 insize=15322 outsize=10429 ok=1
Cmd: translateComputeKernel
  api=14 insize=7609 outsize=13941 ok=1
Cmd: translateComputeKernel
  api=14 insize=8097 outsize=14577 ok=1
Cmd: translateComputeKernel
  api=14 insize=10229 outsize=18901 ok=1
Cmd: translateComputeKernel
  api=14 insize=10473 outsize=19857 ok=1
Cmd: translateComputeKernel
  api=14 insize=7461 outsize=13513 ok=1
Cmd: translateComputeKernel
  api=14 insize=9549 outsize=17789 ok=1
Cmd: translateComputeKernel
  api=14 insize=11701 outsize=22205 ok=1
Cmd: initializeCompiler
Cmd: initializeCompiler
Cmd: initializeCompiler

Quitting shader compiler process
