Base path: /Applications/Unity/Hub/Editor/2018.1.1f1/Unity.app/Contents
Cmd: initializeCompiler
Cmd: translateComputeKernel
  api=14 insize=833 outsize=777 ok=1
Cmd: compileComputeKernel
  api=14 insize=5188 outsize=5117 ok=1
Cmd: translateComputeKernel
  api=14 insize=6781 outsize=10621 ok=1
Cmd: compileComputeKernel
  api=14 insize=9421 outsize=9881 ok=1
Cmd: translateComputeKernel
  api=14 insize=9657 outsize=16521 ok=1
Cmd: compileComputeKernel
  api=14 insize=1505 outsize=2073 ok=1
Cmd: translateComputeKernel
  api=14 insize=2073 outsize=3413 ok=1
Cmd: compileComputeKernel
  api=4 insize=15322 outsize=5785 ok=1
Cmd: compileComputeKernel
  api=4 insize=15322 outsize=6289 ok=1
Cmd: compileComputeKernel
  api=4 insize=15322 outsize=7989 ok=1
Cmd: compileComputeKernel
  api=4 insize=15322 outsize=8293 ok=1
Cmd: compileComputeKernel
  api=4 insize=15322 outsize=6853 ok=1
Cmd: compileComputeKernel
  api=4 insize=15322 outsize=8321 ok=1
Cmd: compileComputeKernel
  api=4 insize=15322 outsize=9461 ok=1
Cmd: compileComputeKernel
  api=4 insize=15322 outsize=9765 ok=1
Cmd: compileComputeKernel
  api=14 insize=15322 outsize=6449 ok=1
Cmd: compileComputeKernel
  api=14 insize=15322 outsize=7533 ok=1
Cmd: compileComputeKernel
  api=14 insize=15322 outsize=8225 ok=1
Cmd: compileComputeKernel
  api=14 insize=15322 outsize=8429 ok=1
Cmd: compileComputeKernel
  api=14 insize=15322 outsize=10617 ok=1
Cmd: compileComputeKernel
  api=14 insize=15322 outsize=9509 ok=1
Cmd: compileComputeKernel
  api=14 insize=15322 outsize=11885 ok=1
Cmd: translateComputeKernel
  api=14 insize=7221 outsize=13189 ok=1
Cmd: translateComputeKernel
  api=14 insize=7785 outsize=13933 ok=1
Cmd: translateComputeKernel
  api=14 insize=9773 outsize=17889 ok=1
Cmd: translateComputeKernel
  api=14 insize=10017 outsize=18921 ok=1
Cmd: translateComputeKernel
  api=14 insize=8673 outsize=16365 ok=1
Cmd: translateComputeKernel
  api=14 insize=9237 outsize=17153 ok=1
Cmd: translateComputeKernel
  api=14 insize=11245 outsize=21273 ok=1
Cmd: translateComputeKernel
  api=14 insize=11945 outsize=23225 ok=1
Cmd: initializeCompiler
Cmd: initializeCompiler
Cmd: initializeCompiler

Quitting shader compiler process
